[debug] [2023-05-25T02:28:47.974Z] ----------------------------------------------------------------------
[debug] [2023-05-25T02:28:47.976Z] Command:       /usr/local/bin/node /usr/local/bin/firebase init
[debug] [2023-05-25T02:28:47.976Z] CLI Version:   12.2.1
[debug] [2023-05-25T02:28:47.976Z] Platform:      darwin
[debug] [2023-05-25T02:28:47.977Z] Node Version:  v16.13.1
[debug] [2023-05-25T02:28:47.978Z] Time:          Wed May 24 2023 19:28:47 GMT-0700 (Mountain Standard Time)
[debug] [2023-05-25T02:28:47.978Z] ----------------------------------------------------------------------
[debug] 
[debug] [2023-05-25T02:28:47.983Z] > command requires scopes: ["email","openid","https://www.googleapis.com/auth/cloudplatformprojects.readonly","https://www.googleapis.com/auth/firebase","https://www.googleapis.com/auth/cloud-platform"]
[debug] [2023-05-25T02:28:47.983Z] > authorizing via signed-in user (isaactheking7@gmail.com)
[info] 
     ######## #### ########  ######## ########     ###     ######  ########
     ##        ##  ##     ## ##       ##     ##  ##   ##  ##       ##
     ######    ##  ########  ######   ########  #########  ######  ######
     ##        ##  ##    ##  ##       ##     ## ##     ##       ## ##
     ##       #### ##     ## ######## ########  ##     ##  ######  ########

You're about to initialize a Firebase project in this directory:

  /Users/nighthawksalas/Desktop/webApps/my-first-firebase

[info] 
=== Project Setup
[info] 
[info] First, let's associate this project directory with a Firebase project.
[info] You can create multiple project aliases by running firebase use --add, 
[info] but for now we'll just set up a default project.
[info] 
[debug] [2023-05-25T02:29:28.418Z] >>> [apiv2][query] GET https://firebase.googleapis.com/v1beta1/projects pageSize=100
[debug] [2023-05-25T02:29:29.005Z] <<< [apiv2][status] GET https://firebase.googleapis.com/v1beta1/projects 200
[debug] [2023-05-25T02:29:29.005Z] <<< [apiv2][body] GET https://firebase.googleapis.com/v1beta1/projects [omitted]
[info] i  Using project fir-course-1ebcf (firebase-course) 
[info] 
=== Hosting Setup
[info] 
[info] Your public directory is the folder (relative to your project directory) that
[info] will contain Hosting assets to be uploaded with firebase deploy. If you
[info] have a build process for your assets, use your build's output directory.
[info] 
[info] ✔  Wrote public/404.html 
[debug] [2023-05-25T02:30:57.909Z] >>> [apiv2][query] GET https://www.gstatic.com/firebasejs/releases.json [none]
[debug] [2023-05-25T02:30:58.020Z] <<< [apiv2][status] GET https://www.gstatic.com/firebasejs/releases.json 200
[debug] [2023-05-25T02:30:58.020Z] <<< [apiv2][body] GET https://www.gstatic.com/firebasejs/releases.json {"current":{"version":"9.22.0","browserURL":"https://www.gstatic.com/firebasejs/9.22.0/firebase.js","packageURL":"https://www.gstatic.com/firebasejs/9.22.0/firebase.tgz"},"live":{"version":"9.22","browserURL":"https://www.gstatic.com/firebasejs/live/9.22/firebase.js","packageURL":"https://www.gstatic.com/firebasejs/live/9.22/firebase.tgz"},"components":{"analytics":"https://www.gstatic.com/firebasejs/9.22.0/firebase-analytics.js","app":"https://www.gstatic.com/firebasejs/9.22.0/firebase-app.js","app-check":"https://www.gstatic.com/firebasejs/9.22.0/firebase-app-check.js","auth":"https://www.gstatic.com/firebasejs/9.22.0/firebase-auth.js","auth/cordova":"https://www.gstatic.com/firebasejs/9.22.0/firebase-auth/cordova.js","auth/react-native":"https://www.gstatic.com/firebasejs/9.22.0/firebase-auth/react-native.js","functions":"https://www.gstatic.com/firebasejs/9.22.0/firebase-functions.js","firestore":"https://www.gstatic.com/firebasejs/9.22.0/firebase-firestore.js","firestore/lite":"https://www.gstatic.com/firebasejs/9.22.0/firebase-firestore/lite.js","installations":"https://www.gstatic.com/firebasejs/9.22.0/firebase-installations.js","storage":"https://www.gstatic.com/firebasejs/9.22.0/firebase-storage.js","performance":"https://www.gstatic.com/firebasejs/9.22.0/firebase-performance.js","remote-config":"https://www.gstatic.com/firebasejs/9.22.0/firebase-remote-config.js","messaging":"https://www.gstatic.com/firebasejs/9.22.0/firebase-messaging.js","messaging/sw":"https://www.gstatic.com/firebasejs/9.22.0/firebase-messaging/sw.js","database":"https://www.gstatic.com/firebasejs/9.22.0/firebase-database.js","firestore.memory":"https://www.gstatic.com/firebasejs/9.22.0/firebase-firestore.memory.js"}}
[info] i  Skipping write of public/index.html 
[info] 
[info] i  Detected a .git folder at /Users/nighthawksalas/Desktop/webApps/my-first-firebase 
[info] i  Authorizing with GitHub to upload your service account to a GitHub repository's secrets store. 
[info] 
[info] Visit this URL on this device to log in:
[info] https://github.com/login/oauth/authorize?client_id=89cf50f02ac6aaed3484&state=487679438&redirect_uri=http%3A%2F%2Flocalhost%3A9005&scope=read%3Auser%20repo%20public_repo
[info] 
[info] Waiting for authentication...
[debug] [2023-05-25T02:31:43.985Z] >>> [apiv2][query] POST https://github.com/login/oauth/access_token [none]
[debug] [2023-05-25T02:31:43.985Z] >>> [apiv2][body] POST https://github.com/login/oauth/access_token [stream]
[debug] [2023-05-25T02:31:44.334Z] <<< [apiv2][status] POST https://github.com/login/oauth/access_token 200
[debug] [2023-05-25T02:31:44.334Z] <<< [apiv2][body] POST https://github.com/login/oauth/access_token {"access_token":"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","token_type":"bearer","scope":"read:user,repo"}
[debug] [2023-05-25T02:31:44.339Z] >>> [apiv2][query] GET https://api.github.com/user [none]
[debug] [2023-05-25T02:31:44.722Z] <<< [apiv2][status] GET https://api.github.com/user 200
[debug] [2023-05-25T02:31:44.723Z] <<< [apiv2][body] GET https://api.github.com/user {"login":"iesalas1","id":55260880,"node_id":"MDQ6VXNlcjU1MjYwODgw","avatar_url":"https://avatars.githubusercontent.com/u/55260880?v=4","gravatar_id":"","url":"https://api.github.com/users/iesalas1","html_url":"https://github.com/iesalas1","followers_url":"https://api.github.com/users/iesalas1/followers","following_url":"https://api.github.com/users/iesalas1/following{/other_user}","gists_url":"https://api.github.com/users/iesalas1/gists{/gist_id}","starred_url":"https://api.github.com/users/iesalas1/starred{/owner}{/repo}","subscriptions_url":"https://api.github.com/users/iesalas1/subscriptions","organizations_url":"https://api.github.com/users/iesalas1/orgs","repos_url":"https://api.github.com/users/iesalas1/repos","events_url":"https://api.github.com/users/iesalas1/events{/privacy}","received_events_url":"https://api.github.com/users/iesalas1/received_events","type":"User","site_admin":false,"name":null,"company":null,"blog":"","location":null,"email":null,"hireable":null,"bio":null,"twitter_username":null,"public_repos":5,"public_gists":0,"followers":2,"following":1,"created_at":"2019-09-12T22:13:20Z","updated_at":"2023-05-23T19:31:11Z","private_gists":0,"total_private_repos":4,"owned_private_repos":4,"disk_usage":30612,"collaborators":2,"two_factor_authentication":false,"plan":{"name":"free","space":976562499,"collaborators":0,"private_repos":10000}}
[info] 
[info] ✔  Success! Logged into GitHub as iesalas1 
[info] 
